2025-10-13 00:56:36 [INFO]: Database initialized at C:\Users\dmitr\Projects\tradeflows-marketing\backend\database\data.json
2025-10-13 00:56:36 [INFO]: Fetching fresh trending keywords...
2025-10-13 00:56:37 [ERROR]: Financial news trends error: Parse Error: Header overflow
Error: Parse Error: Header overflow
    at AxiosError.from (file:///C:/Users/dmitr/Projects/tradeflows-marketing/backend/node_modules/axios/lib/core/AxiosError.js:96:14)
    at RedirectableRequest.handleRequestError (file:///C:/Users/dmitr/Projects/tradeflows-marketing/backend/node_modules/axios/lib/adapters/http.js:638:25)
    at RedirectableRequest.emit (node:events:531:35)
    at eventHandlers.<computed> (C:\Users\dmitr\Projects\tradeflows-marketing\backend\node_modules\follow-redirects\index.js:49:24)
    at ClientRequest.emit (node:events:519:28)
    at emitErrorEvent (node:_http_client:105:11)
    at TLSSocket.socketOnData (node:_http_client:567:5)
    at TLSSocket.emit (node:events:519:28)
    at addChunk (node:internal/streams/readable:561:12)
    at readableAddChunkPushByteMode (node:internal/streams/readable:512:3)
    at Axios.request (file:///C:/Users/dmitr/Projects/tradeflows-marketing/backend/node_modules/axios/lib/core/Axios.js:45:41)
    at process.processTicksAndRejections (node:internal/process/task_queues:105:5)
    at async TrendingService.getFinancialNewsTrends (file:///C:/Users/dmitr/Projects/tradeflows-marketing/backend/services/trendingService.js:147:24)
    at async Promise.allSettled (index 1)
    at async TrendingService.getCurrentTrends (file:///C:/Users/dmitr/Projects/tradeflows-marketing/backend/services/trendingService.js:26:23)
    at async testPostGeneration (file:///C:/Users/dmitr/Projects/tradeflows-marketing/backend/scripts/testPost.js:45:20)
2025-10-13 00:56:38 [ERROR]: Error fetching trends: Cannot read properties of undefined (reading 'find')
TypeError: Cannot read properties of undefined (reading 'find')
    at BlogDatabase.saveKeyword (file:///C:/Users/dmitr/Projects/tradeflows-marketing/backend/database/index.js:96:44)
    at file:///C:/Users/dmitr/Projects/tradeflows-marketing/backend/services/trendingService.js:49:12
    at Array.forEach (<anonymous>)
    at TrendingService.getCurrentTrends (file:///C:/Users/dmitr/Projects/tradeflows-marketing/backend/services/trendingService.js:48:20)
    at process.processTicksAndRejections (node:internal/process/task_queues:105:5)
    at async testPostGeneration (file:///C:/Users/dmitr/Projects/tradeflows-marketing/backend/scripts/testPost.js:45:20)
2025-10-13 00:57:09 [INFO]: Database initialized at C:\Users\dmitr\Projects\tradeflows-marketing\backend\database\data.json
2025-10-13 00:57:09 [INFO]: Fetching fresh trending keywords...
2025-10-13 00:57:10 [ERROR]: Financial news trends error: Parse Error: Header overflow
Error: Parse Error: Header overflow
    at AxiosError.from (file:///C:/Users/dmitr/Projects/tradeflows-marketing/backend/node_modules/axios/lib/core/AxiosError.js:96:14)
    at RedirectableRequest.handleRequestError (file:///C:/Users/dmitr/Projects/tradeflows-marketing/backend/node_modules/axios/lib/adapters/http.js:638:25)
    at RedirectableRequest.emit (node:events:531:35)
    at eventHandlers.<computed> (C:\Users\dmitr\Projects\tradeflows-marketing\backend\node_modules\follow-redirects\index.js:49:24)
    at ClientRequest.emit (node:events:519:28)
    at emitErrorEvent (node:_http_client:105:11)
    at TLSSocket.socketOnData (node:_http_client:567:5)
    at TLSSocket.emit (node:events:519:28)
    at addChunk (node:internal/streams/readable:561:12)
    at readableAddChunkPushByteMode (node:internal/streams/readable:512:3)
    at Axios.request (file:///C:/Users/dmitr/Projects/tradeflows-marketing/backend/node_modules/axios/lib/core/Axios.js:45:41)
    at process.processTicksAndRejections (node:internal/process/task_queues:105:5)
    at async TrendingService.getFinancialNewsTrends (file:///C:/Users/dmitr/Projects/tradeflows-marketing/backend/services/trendingService.js:147:24)
    at async Promise.allSettled (index 1)
    at async TrendingService.getCurrentTrends (file:///C:/Users/dmitr/Projects/tradeflows-marketing/backend/services/trendingService.js:26:23)
    at async testPostGeneration (file:///C:/Users/dmitr/Projects/tradeflows-marketing/backend/scripts/testPost.js:45:20)
2025-10-13 00:57:11 [INFO]: Found 30 trending keywords
2025-10-13 00:57:11 [INFO]: Generated post: Crypto Alert: BTC Surges 2025 - Analysis & Predictions (Template: crypto-update)
2025-10-13 00:57:11 [INFO]: Post saved: Crypto Alert: BTC Surges 2025 - Analysis & Predictions (ID: 1)
2025-10-13 00:57:11 [INFO]: Updating blog data file with post: Crypto Alert: BTC Surges 2025 - Analysis & Predictions
2025-10-13 00:57:11 [INFO]: ✅ Successfully updated blog data file
